<?xml version="1.0" encoding="UTF-8"?>
<testsuite xmlns:xsi="http://www.w3.org/2001/XMLSchema-instance" xsi:noNamespaceSchemaLocation="https://maven.apache.org/surefire/maven-surefire-plugin/xsd/surefire-test-report.xsd" name="com.sn.my.AppTest" time="0.016" tests="1" errors="0" skipped="0" failures="0">
  <properties>
    <property name="sun.desktop" value="windows"/>
    <property name="awt.toolkit" value="sun.awt.windows.WToolkit"/>
    <property name="file.encoding.pkg" value="sun.io"/>
    <property name="java.specification.version" value="1.8"/>
    <property name="sun.cpu.isalist" value="amd64"/>
    <property name="sun.jnu.encoding" value="GBK"/>
    <property name="java.class.path" value="E:\MyProJect\Flink\target\test-classes;E:\MyProJect\Flink\target\classes;D:\Program Files\apache-maven-3.2.1\mvnlocal\junit\junit\4.11\junit-4.11.jar;D:\Program Files\apache-maven-3.2.1\mvnlocal\org\hamcrest\hamcrest-core\1.3\hamcrest-core-1.3.jar;D:\Program Files\apache-maven-3.2.1\mvnlocal\org\apache\flink\flink-scala_2.11\1.3.0.1\flink-scala_2.11-1.3.0.1.jar;D:\Program Files\apache-maven-3.2.1\mvnlocal\org\apache\flink\flink-core\1.3.0.1\flink-core-1.3.0.1.jar;D:\Program Files\apache-maven-3.2.1\mvnlocal\org\apache\flink\flink-annotations\1.3.0.1\flink-annotations-1.3.0.1.jar;D:\Program Files\apache-maven-3.2.1\mvnlocal\org\apache\flink\flink-metrics-core\1.3.0.1\flink-metrics-core-1.3.0.1.jar;D:\Program Files\apache-maven-3.2.1\mvnlocal\org\apache\commons\commons-lang3\3.3.2\commons-lang3-3.3.2.jar;D:\Program Files\apache-maven-3.2.1\mvnlocal\com\esotericsoftware\kryo\kryo\2.24.0\kryo-2.24.0.jar;D:\Program Files\apache-maven-3.2.1\mvnlocal\com\esotericsoftware\minlog\minlog\1.2\minlog-1.2.jar;D:\Program Files\apache-maven-3.2.1\mvnlocal\commons-collections\commons-collections\3.2.2\commons-collections-3.2.2.jar;D:\Program Files\apache-maven-3.2.1\mvnlocal\org\apache\commons\commons-compress\1.4.1\commons-compress-1.4.1.jar;D:\Program Files\apache-maven-3.2.1\mvnlocal\org\tukaani\xz\1.0\xz-1.0.jar;D:\Program Files\apache-maven-3.2.1\mvnlocal\org\apache\avro\avro\1.7.7\avro-1.7.7.jar;D:\Program Files\apache-maven-3.2.1\mvnlocal\org\codehaus\jackson\jackson-core-asl\1.9.13\jackson-core-asl-1.9.13.jar;D:\Program Files\apache-maven-3.2.1\mvnlocal\org\codehaus\jackson\jackson-mapper-asl\1.9.13\jackson-mapper-asl-1.9.13.jar;D:\Program Files\apache-maven-3.2.1\mvnlocal\com\thoughtworks\paranamer\paranamer\2.3\paranamer-2.3.jar;D:\Program Files\apache-maven-3.2.1\mvnlocal\org\apache\flink\flink-java\1.3.0.1\flink-java-1.3.0.1.jar;D:\Program Files\apache-maven-3.2.1\mvnlocal\org\apache\flink\flink-shaded-hadoop2\1.3.0.1\flink-shaded-hadoop2-1.3.0.1.jar;D:\Program Files\apache-maven-3.2.1\mvnlocal\commons-cli\commons-cli\1.3.1\commons-cli-1.3.1.jar;D:\Program Files\apache-maven-3.2.1\mvnlocal\xmlenc\xmlenc\0.52\xmlenc-0.52.jar;D:\Program Files\apache-maven-3.2.1\mvnlocal\commons-io\commons-io\2.4\commons-io-2.4.jar;D:\Program Files\apache-maven-3.2.1\mvnlocal\commons-net\commons-net\3.1\commons-net-3.1.jar;D:\Program Files\apache-maven-3.2.1\mvnlocal\org\mortbay\jetty\jetty-util\6.1.26\jetty-util-6.1.26.jar;D:\Program Files\apache-maven-3.2.1\mvnlocal\com\sun\jersey\jersey-core\1.9\jersey-core-1.9.jar;D:\Program Files\apache-maven-3.2.1\mvnlocal\commons-el\commons-el\1.0\commons-el-1.0.jar;D:\Program Files\apache-maven-3.2.1\mvnlocal\com\jamesmurty\utils\java-xmlbuilder\0.4\java-xmlbuilder-0.4.jar;D:\Program Files\apache-maven-3.2.1\mvnlocal\commons-lang\commons-lang\2.6\commons-lang-2.6.jar;D:\Program Files\apache-maven-3.2.1\mvnlocal\commons-configuration\commons-configuration\1.7\commons-configuration-1.7.jar;D:\Program Files\apache-maven-3.2.1\mvnlocal\commons-digester\commons-digester\1.8.1\commons-digester-1.8.1.jar;D:\Program Files\apache-maven-3.2.1\mvnlocal\com\jcraft\jsch\0.1.42\jsch-0.1.42.jar;D:\Program Files\apache-maven-3.2.1\mvnlocal\commons-beanutils\commons-beanutils-bean-collections\1.8.3\commons-beanutils-bean-collections-1.8.3.jar;D:\Program Files\apache-maven-3.2.1\mvnlocal\commons-daemon\commons-daemon\1.0.13\commons-daemon-1.0.13.jar;D:\Program Files\apache-maven-3.2.1\mvnlocal\com\sun\jersey\jersey-client\1.9\jersey-client-1.9.jar;D:\Program Files\apache-maven-3.2.1\mvnlocal\javax\xml\bind\jaxb-api\2.2.2\jaxb-api-2.2.2.jar;D:\Program Files\apache-maven-3.2.1\mvnlocal\javax\xml\stream\stax-api\1.0-2\stax-api-1.0-2.jar;D:\Program Files\apache-maven-3.2.1\mvnlocal\javax\activation\activation\1.1\activation-1.1.jar;D:\Program Files\apache-maven-3.2.1\mvnlocal\org\apache\commons\commons-math3\3.5\commons-math3-3.5.jar;D:\Program Files\apache-maven-3.2.1\mvnlocal\org\scala-lang\scala-reflect\2.11.7\scala-reflect-2.11.7.jar;D:\Program Files\apache-maven-3.2.1\mvnlocal\org\scala-lang\scala-library\2.11.7\scala-library-2.11.7.jar;D:\Program Files\apache-maven-3.2.1\mvnlocal\org\scala-lang\scala-compiler\2.11.7\scala-compiler-2.11.7.jar;D:\Program Files\apache-maven-3.2.1\mvnlocal\org\scala-lang\modules\scala-xml_2.11\1.0.4\scala-xml_2.11-1.0.4.jar;D:\Program Files\apache-maven-3.2.1\mvnlocal\org\scala-lang\modules\scala-parser-combinators_2.11\1.0.4\scala-parser-combinators_2.11-1.0.4.jar;D:\Program Files\apache-maven-3.2.1\mvnlocal\org\slf4j\slf4j-api\1.7.7\slf4j-api-1.7.7.jar;D:\Program Files\apache-maven-3.2.1\mvnlocal\com\google\code\findbugs\jsr305\1.3.9\jsr305-1.3.9.jar;D:\Program Files\apache-maven-3.2.1\mvnlocal\org\apache\flink\force-shading\1.3.0.1\force-shading-1.3.0.1.jar;D:\Program Files\apache-maven-3.2.1\mvnlocal\org\apache\flink\flink-streaming-scala_2.11\1.3.0.1\flink-streaming-scala_2.11-1.3.0.1.jar;D:\Program Files\apache-maven-3.2.1\mvnlocal\org\apache\flink\flink-streaming-java_2.11\1.3.0.1\flink-streaming-java_2.11-1.3.0.1.jar;D:\Program Files\apache-maven-3.2.1\mvnlocal\org\apache\flink\flink-runtime_2.11\1.3.0.1\flink-runtime_2.11-1.3.0.1.jar;D:\Program Files\apache-maven-3.2.1\mvnlocal\io\netty\netty-all\4.0.27.Final\netty-all-4.0.27.Final.jar;D:\Program Files\apache-maven-3.2.1\mvnlocal\org\javassist\javassist\3.18.2-GA\javassist-3.18.2-GA.jar;D:\Program Files\apache-maven-3.2.1\mvnlocal\com\data-artisans\flakka-actor_2.11\2.3-custom\flakka-actor_2.11-2.3-custom.jar;D:\Program Files\apache-maven-3.2.1\mvnlocal\com\typesafe\config\1.2.1\config-1.2.1.jar;D:\Program Files\apache-maven-3.2.1\mvnlocal\com\data-artisans\flakka-remote_2.11\2.3-custom\flakka-remote_2.11-2.3-custom.jar;D:\Program Files\apache-maven-3.2.1\mvnlocal\com\google\protobuf\protobuf-java\2.5.0\protobuf-java-2.5.0.jar;D:\Program Files\apache-maven-3.2.1\mvnlocal\org\uncommons\maths\uncommons-maths\1.2.2a\uncommons-maths-1.2.2a.jar;D:\Program Files\apache-maven-3.2.1\mvnlocal\com\data-artisans\flakka-slf4j_2.11\2.3-custom\flakka-slf4j_2.11-2.3-custom.jar;D:\Program Files\apache-maven-3.2.1\mvnlocal\org\clapper\grizzled-slf4j_2.11\1.0.2\grizzled-slf4j_2.11-1.0.2.jar;D:\Program Files\apache-maven-3.2.1\mvnlocal\com\github\scopt\scopt_2.11\3.5.0\scopt_2.11-3.5.0.jar;D:\Program Files\apache-maven-3.2.1\mvnlocal\com\fasterxml\jackson\core\jackson-core\2.7.4\jackson-core-2.7.4.jar;D:\Program Files\apache-maven-3.2.1\mvnlocal\com\twitter\chill_2.11\0.7.4\chill_2.11-0.7.4.jar;D:\Program Files\apache-maven-3.2.1\mvnlocal\org\apache\flink\flink-clients_2.11\1.3.0.1\flink-clients_2.11-1.3.0.1.jar;D:\Program Files\apache-maven-3.2.1\mvnlocal\org\apache\flink\flink-optimizer_2.11\1.3.0.1\flink-optimizer_2.11-1.3.0.1.jar;D:\Program Files\apache-maven-3.2.1\mvnlocal\org\apache\sling\org.apache.sling.commons.json\2.0.6\org.apache.sling.commons.json-2.0.6.jar;D:\Program Files\apache-maven-3.2.1\mvnlocal\org\apache\flink\flink-table_2.11\1.3.0.1\flink-table_2.11-1.3.0.1.jar;D:\Program Files\apache-maven-3.2.1\mvnlocal\org\apache\flink\flink-shaded-jackson\2.7.9-2.0\flink-shaded-jackson-2.7.9-2.0.jar;D:\Program Files\apache-maven-3.2.1\mvnlocal\org\apache\flink\flink-connector-kafka-0.8_2.11\1.3.0.1\flink-connector-kafka-0.8_2.11-1.3.0.1.jar;D:\Program Files\apache-maven-3.2.1\mvnlocal\org\apache\flink\flink-connector-kafka-base_2.11\1.3.0.1\flink-connector-kafka-base_2.11-1.3.0.1.jar;D:\Program Files\apache-maven-3.2.1\mvnlocal\org\apache\kafka\kafka_2.11\0.8.2.2\kafka_2.11-0.8.2.2.jar;D:\Program Files\apache-maven-3.2.1\mvnlocal\com\yammer\metrics\metrics-core\2.2.0\metrics-core-2.2.0.jar;D:\Program Files\apache-maven-3.2.1\mvnlocal\com\101tec\zkclient\0.3\zkclient-0.3.jar;D:\Program Files\apache-maven-3.2.1\mvnlocal\org\apache\kafka\kafka-clients\0.8.2.2\kafka-clients-0.8.2.2.jar;D:\Program Files\apache-maven-3.2.1\mvnlocal\net\jpountz\lz4\lz4\1.2.0\lz4-1.2.0.jar;D:\Program Files\apache-maven-3.2.1\mvnlocal\org\apache\zookeeper\zookeeper\3.4.6\zookeeper-3.4.6.jar;D:\Program Files\apache-maven-3.2.1\mvnlocal\org\slf4j\slf4j-log4j12\1.6.1\slf4j-log4j12-1.6.1.jar;D:\Program Files\apache-maven-3.2.1\mvnlocal\jline\jline\0.9.94\jline-0.9.94.jar;D:\Program Files\apache-maven-3.2.1\mvnlocal\io\netty\netty\3.7.0.Final\netty-3.7.0.Final.jar;D:\Program Files\apache-maven-3.2.1\mvnlocal\org\apache\storm\storm-core\1.0.1\storm-core-1.0.1.jar;D:\Program Files\apache-maven-3.2.1\mvnlocal\com\esotericsoftware\kryo\3.0.3\kryo-3.0.3.jar;D:\Program Files\apache-maven-3.2.1\mvnlocal\com\esotericsoftware\reflectasm\1.10.1\reflectasm-1.10.1.jar;D:\Program Files\apache-maven-3.2.1\mvnlocal\org\ow2\asm\asm\5.0.3\asm-5.0.3.jar;D:\Program Files\apache-maven-3.2.1\mvnlocal\com\esotericsoftware\minlog\1.3.0\minlog-1.3.0.jar;D:\Program Files\apache-maven-3.2.1\mvnlocal\org\objenesis\objenesis\2.1\objenesis-2.1.jar;D:\Program Files\apache-maven-3.2.1\mvnlocal\org\clojure\clojure\1.7.0\clojure-1.7.0.jar;D:\Program Files\apache-maven-3.2.1\mvnlocal\com\lmax\disruptor\3.3.2\disruptor-3.3.2.jar;D:\Program Files\apache-maven-3.2.1\mvnlocal\org\apache\logging\log4j\log4j-api\2.1\log4j-api-2.1.jar;D:\Program Files\apache-maven-3.2.1\mvnlocal\org\apache\logging\log4j\log4j-core\2.1\log4j-core-2.1.jar;D:\Program Files\apache-maven-3.2.1\mvnlocal\org\apache\logging\log4j\log4j-slf4j-impl\2.1\log4j-slf4j-impl-2.1.jar;D:\Program Files\apache-maven-3.2.1\mvnlocal\org\slf4j\log4j-over-slf4j\1.6.6\log4j-over-slf4j-1.6.6.jar;D:\Program Files\apache-maven-3.2.1\mvnlocal\javax\servlet\servlet-api\2.5\servlet-api-2.5.jar;D:\Program Files\apache-maven-3.2.1\mvnlocal\org\elasticsearch\client\rest\5.4.2\rest-5.4.2.jar;D:\Program Files\apache-maven-3.2.1\mvnlocal\org\apache\httpcomponents\httpclient\4.5.2\httpclient-4.5.2.jar;D:\Program Files\apache-maven-3.2.1\mvnlocal\org\apache\httpcomponents\httpcore\4.4.5\httpcore-4.4.5.jar;D:\Program Files\apache-maven-3.2.1\mvnlocal\org\apache\httpcomponents\httpasyncclient\4.1.2\httpasyncclient-4.1.2.jar;D:\Program Files\apache-maven-3.2.1\mvnlocal\org\apache\httpcomponents\httpcore-nio\4.4.5\httpcore-nio-4.4.5.jar;D:\Program Files\apache-maven-3.2.1\mvnlocal\commons-codec\commons-codec\1.10\commons-codec-1.10.jar;D:\Program Files\apache-maven-3.2.1\mvnlocal\commons-logging\commons-logging\1.1.3\commons-logging-1.1.3.jar;D:\Program Files\apache-maven-3.2.1\mvnlocal\org\elasticsearch\elasticsearch-spark-20_2.11\5.4.2\elasticsearch-spark-20_2.11-5.4.2.jar;D:\Program Files\apache-maven-3.2.1\mvnlocal\org\apache\spark\spark-sql_2.11\2.1.0\spark-sql_2.11-2.1.0.jar;D:\Program Files\apache-maven-3.2.1\mvnlocal\com\univocity\univocity-parsers\2.2.1\univocity-parsers-2.2.1.jar;D:\Program Files\apache-maven-3.2.1\mvnlocal\org\apache\spark\spark-sketch_2.11\2.1.0\spark-sketch_2.11-2.1.0.jar;D:\Program Files\apache-maven-3.2.1\mvnlocal\org\apache\spark\spark-core_2.11\2.1.0\spark-core_2.11-2.1.0.jar;D:\Program Files\apache-maven-3.2.1\mvnlocal\org\apache\avro\avro-mapred\1.7.7\avro-mapred-1.7.7-hadoop2.jar;D:\Program Files\apache-maven-3.2.1\mvnlocal\org\apache\avro\avro-ipc\1.7.7\avro-ipc-1.7.7.jar;D:\Program Files\apache-maven-3.2.1\mvnlocal\org\apache\avro\avro-ipc\1.7.7\avro-ipc-1.7.7-tests.jar;D:\Program Files\apache-maven-3.2.1\mvnlocal\com\twitter\chill-java\0.8.0\chill-java-0.8.0.jar;D:\Program Files\apache-maven-3.2.1\mvnlocal\com\esotericsoftware\kryo-shaded\3.0.3\kryo-shaded-3.0.3.jar;D:\Program Files\apache-maven-3.2.1\mvnlocal\org\apache\xbean\xbean-asm5-shaded\4.4\xbean-asm5-shaded-4.4.jar;D:\Program Files\apache-maven-3.2.1\mvnlocal\org\apache\spark\spark-launcher_2.11\2.1.0\spark-launcher_2.11-2.1.0.jar;D:\Program Files\apache-maven-3.2.1\mvnlocal\org\apache\spark\spark-network-common_2.11\2.1.0\spark-network-common_2.11-2.1.0.jar;D:\Program Files\apache-maven-3.2.1\mvnlocal\org\fusesource\leveldbjni\leveldbjni-all\1.8\leveldbjni-all-1.8.jar;D:\Program Files\apache-maven-3.2.1\mvnlocal\org\apache\spark\spark-network-shuffle_2.11\2.1.0\spark-network-shuffle_2.11-2.1.0.jar;D:\Program Files\apache-maven-3.2.1\mvnlocal\org\apache\spark\spark-unsafe_2.11\2.1.0\spark-unsafe_2.11-2.1.0.jar;D:\Program Files\apache-maven-3.2.1\mvnlocal\net\java\dev\jets3t\jets3t\0.7.1\jets3t-0.7.1.jar;D:\Program Files\apache-maven-3.2.1\mvnlocal\commons-httpclient\commons-httpclient\3.1\commons-httpclient-3.1.jar;D:\Program Files\apache-maven-3.2.1\mvnlocal\org\apache\curator\curator-recipes\2.4.0\curator-recipes-2.4.0.jar;D:\Program Files\apache-maven-3.2.1\mvnlocal\org\apache\curator\curator-framework\2.4.0\curator-framework-2.4.0.jar;D:\Program Files\apache-maven-3.2.1\mvnlocal\org\apache\curator\curator-client\2.4.0\curator-client-2.4.0.jar;D:\Program Files\apache-maven-3.2.1\mvnlocal\com\google\guava\guava\14.0.1\guava-14.0.1.jar;D:\Program Files\apache-maven-3.2.1\mvnlocal\javax\servlet\javax.servlet-api\3.1.0\javax.servlet-api-3.1.0.jar;D:\Program Files\apache-maven-3.2.1\mvnlocal\org\slf4j\jul-to-slf4j\1.7.16\jul-to-slf4j-1.7.16.jar;D:\Program Files\apache-maven-3.2.1\mvnlocal\org\slf4j\jcl-over-slf4j\1.7.16\jcl-over-slf4j-1.7.16.jar;D:\Program Files\apache-maven-3.2.1\mvnlocal\log4j\log4j\1.2.17\log4j-1.2.17.jar;D:\Program Files\apache-maven-3.2.1\mvnlocal\com\ning\compress-lzf\1.0.3\compress-lzf-1.0.3.jar;D:\Program Files\apache-maven-3.2.1\mvnlocal\org\xerial\snappy\snappy-java\1.1.2.6\snappy-java-1.1.2.6.jar;D:\Program Files\apache-maven-3.2.1\mvnlocal\org\roaringbitmap\RoaringBitmap\0.5.11\RoaringBitmap-0.5.11.jar;D:\Program Files\apache-maven-3.2.1\mvnlocal\org\json4s\json4s-jackson_2.11\3.2.11\json4s-jackson_2.11-3.2.11.jar;D:\Program Files\apache-maven-3.2.1\mvnlocal\org\json4s\json4s-core_2.11\3.2.11\json4s-core_2.11-3.2.11.jar;D:\Program Files\apache-maven-3.2.1\mvnlocal\org\json4s\json4s-ast_2.11\3.2.11\json4s-ast_2.11-3.2.11.jar;D:\Program Files\apache-maven-3.2.1\mvnlocal\org\scala-lang\scalap\2.11.0\scalap-2.11.0.jar;D:\Program Files\apache-maven-3.2.1\mvnlocal\org\glassfish\jersey\core\jersey-client\2.22.2\jersey-client-2.22.2.jar;D:\Program Files\apache-maven-3.2.1\mvnlocal\javax\ws\rs\javax.ws.rs-api\2.0.1\javax.ws.rs-api-2.0.1.jar;D:\Program Files\apache-maven-3.2.1\mvnlocal\org\glassfish\hk2\hk2-api\2.4.0-b34\hk2-api-2.4.0-b34.jar;D:\Program Files\apache-maven-3.2.1\mvnlocal\org\glassfish\hk2\hk2-utils\2.4.0-b34\hk2-utils-2.4.0-b34.jar;D:\Program Files\apache-maven-3.2.1\mvnlocal\org\glassfish\hk2\external\aopalliance-repackaged\2.4.0-b34\aopalliance-repackaged-2.4.0-b34.jar;D:\Program Files\apache-maven-3.2.1\mvnlocal\org\glassfish\hk2\external\javax.inject\2.4.0-b34\javax.inject-2.4.0-b34.jar;D:\Program Files\apache-maven-3.2.1\mvnlocal\org\glassfish\hk2\hk2-locator\2.4.0-b34\hk2-locator-2.4.0-b34.jar;D:\Program Files\apache-maven-3.2.1\mvnlocal\org\glassfish\jersey\core\jersey-common\2.22.2\jersey-common-2.22.2.jar;D:\Program Files\apache-maven-3.2.1\mvnlocal\javax\annotation\javax.annotation-api\1.2\javax.annotation-api-1.2.jar;D:\Program Files\apache-maven-3.2.1\mvnlocal\org\glassfish\jersey\bundles\repackaged\jersey-guava\2.22.2\jersey-guava-2.22.2.jar;D:\Program Files\apache-maven-3.2.1\mvnlocal\org\glassfish\hk2\osgi-resource-locator\1.0.1\osgi-resource-locator-1.0.1.jar;D:\Program Files\apache-maven-3.2.1\mvnlocal\org\glassfish\jersey\core\jersey-server\2.22.2\jersey-server-2.22.2.jar;D:\Program Files\apache-maven-3.2.1\mvnlocal\org\glassfish\jersey\media\jersey-media-jaxb\2.22.2\jersey-media-jaxb-2.22.2.jar;D:\Program Files\apache-maven-3.2.1\mvnlocal\javax\validation\validation-api\1.1.0.Final\validation-api-1.1.0.Final.jar;D:\Program Files\apache-maven-3.2.1\mvnlocal\org\glassfish\jersey\containers\jersey-container-servlet\2.22.2\jersey-container-servlet-2.22.2.jar;D:\Program Files\apache-maven-3.2.1\mvnlocal\org\glassfish\jersey\containers\jersey-container-servlet-core\2.22.2\jersey-container-servlet-core-2.22.2.jar;D:\Program Files\apache-maven-3.2.1\mvnlocal\com\clearspring\analytics\stream\2.7.0\stream-2.7.0.jar;D:\Program Files\apache-maven-3.2.1\mvnlocal\io\dropwizard\metrics\metrics-core\3.1.2\metrics-core-3.1.2.jar;D:\Program Files\apache-maven-3.2.1\mvnlocal\io\dropwizard\metrics\metrics-jvm\3.1.2\metrics-jvm-3.1.2.jar;D:\Program Files\apache-maven-3.2.1\mvnlocal\io\dropwizard\metrics\metrics-json\3.1.2\metrics-json-3.1.2.jar;D:\Program Files\apache-maven-3.2.1\mvnlocal\io\dropwizard\metrics\metrics-graphite\3.1.2\metrics-graphite-3.1.2.jar;D:\Program Files\apache-maven-3.2.1\mvnlocal\com\fasterxml\jackson\module\jackson-module-scala_2.11\2.6.5\jackson-module-scala_2.11-2.6.5.jar;D:\Program Files\apache-maven-3.2.1\mvnlocal\com\fasterxml\jackson\module\jackson-module-paranamer\2.6.5\jackson-module-paranamer-2.6.5.jar;D:\Program Files\apache-maven-3.2.1\mvnlocal\org\apache\ivy\ivy\2.4.0\ivy-2.4.0.jar;D:\Program Files\apache-maven-3.2.1\mvnlocal\oro\oro\2.0.8\oro-2.0.8.jar;D:\Program Files\apache-maven-3.2.1\mvnlocal\net\razorvine\pyrolite\4.13\pyrolite-4.13.jar;D:\Program Files\apache-maven-3.2.1\mvnlocal\net\sf\py4j\py4j\0.10.4\py4j-0.10.4.jar;D:\Program Files\apache-maven-3.2.1\mvnlocal\org\apache\commons\commons-crypto\1.0.0\commons-crypto-1.0.0.jar;D:\Program Files\apache-maven-3.2.1\mvnlocal\org\apache\spark\spark-catalyst_2.11\2.1.0\spark-catalyst_2.11-2.1.0.jar;D:\Program Files\apache-maven-3.2.1\mvnlocal\org\codehaus\janino\janino\3.0.0\janino-3.0.0.jar;D:\Program Files\apache-maven-3.2.1\mvnlocal\org\codehaus\janino\commons-compiler\3.0.0\commons-compiler-3.0.0.jar;D:\Program Files\apache-maven-3.2.1\mvnlocal\org\antlr\antlr4-runtime\4.5.3\antlr4-runtime-4.5.3.jar;D:\Program Files\apache-maven-3.2.1\mvnlocal\org\apache\spark\spark-tags_2.11\2.1.0\spark-tags_2.11-2.1.0.jar;D:\Program Files\apache-maven-3.2.1\mvnlocal\org\scalatest\scalatest_2.11\2.2.6\scalatest_2.11-2.2.6.jar;D:\Program Files\apache-maven-3.2.1\mvnlocal\org\apache\parquet\parquet-column\1.8.1\parquet-column-1.8.1.jar;D:\Program Files\apache-maven-3.2.1\mvnlocal\org\apache\parquet\parquet-common\1.8.1\parquet-common-1.8.1.jar;D:\Program Files\apache-maven-3.2.1\mvnlocal\org\apache\parquet\parquet-encoding\1.8.1\parquet-encoding-1.8.1.jar;D:\Program Files\apache-maven-3.2.1\mvnlocal\org\apache\parquet\parquet-hadoop\1.8.1\parquet-hadoop-1.8.1.jar;D:\Program Files\apache-maven-3.2.1\mvnlocal\org\apache\parquet\parquet-format\2.3.0-incubating\parquet-format-2.3.0-incubating.jar;D:\Program Files\apache-maven-3.2.1\mvnlocal\org\apache\parquet\parquet-jackson\1.8.1\parquet-jackson-1.8.1.jar;D:\Program Files\apache-maven-3.2.1\mvnlocal\com\fasterxml\jackson\core\jackson-databind\2.6.5\jackson-databind-2.6.5.jar;D:\Program Files\apache-maven-3.2.1\mvnlocal\com\fasterxml\jackson\core\jackson-annotations\2.6.0\jackson-annotations-2.6.0.jar;D:\Program Files\apache-maven-3.2.1\mvnlocal\org\spark-project\spark\unused\1.0.0\unused-1.0.0.jar;D:\Program Files\apache-maven-3.2.1\mvnlocal\org\apache\spark\spark-streaming_2.11\2.1.0\spark-streaming_2.11-2.1.0.jar;"/>
    <property name="java.vm.vendor" value="Oracle Corporation"/>
    <property name="sun.arch.data.model" value="64"/>
    <property name="user.variant" value=""/>
    <property name="java.vendor.url" value="http://java.oracle.com/"/>
    <property name="user.timezone" value=""/>
    <property name="java.vm.specification.version" value="1.8"/>
    <property name="os.name" value="Windows 7"/>
    <property name="user.country" value="CN"/>
    <property name="sun.java.launcher" value="SUN_STANDARD"/>
    <property name="sun.boot.library.path" value="C:\Program Files\Java\jdk1.8.0_162\jre\bin"/>
    <property name="sun.java.command" value="C:\Users\18051171\AppData\Local\Temp\surefire8054882486985488262\surefirebooter574311714557566078.jar C:\Users\18051171\AppData\Local\Temp\surefire8054882486985488262 2018-05-18T15-51-47_790-jvmRun1 surefire5130521206206098392tmp surefire_0436926372530993474tmp"/>
    <property name="surefire.test.class.path" value="E:\MyProJect\Flink\target\test-classes;E:\MyProJect\Flink\target\classes;D:\Program Files\apache-maven-3.2.1\mvnlocal\junit\junit\4.11\junit-4.11.jar;D:\Program Files\apache-maven-3.2.1\mvnlocal\org\hamcrest\hamcrest-core\1.3\hamcrest-core-1.3.jar;D:\Program Files\apache-maven-3.2.1\mvnlocal\org\apache\flink\flink-scala_2.11\1.3.0.1\flink-scala_2.11-1.3.0.1.jar;D:\Program Files\apache-maven-3.2.1\mvnlocal\org\apache\flink\flink-core\1.3.0.1\flink-core-1.3.0.1.jar;D:\Program Files\apache-maven-3.2.1\mvnlocal\org\apache\flink\flink-annotations\1.3.0.1\flink-annotations-1.3.0.1.jar;D:\Program Files\apache-maven-3.2.1\mvnlocal\org\apache\flink\flink-metrics-core\1.3.0.1\flink-metrics-core-1.3.0.1.jar;D:\Program Files\apache-maven-3.2.1\mvnlocal\org\apache\commons\commons-lang3\3.3.2\commons-lang3-3.3.2.jar;D:\Program Files\apache-maven-3.2.1\mvnlocal\com\esotericsoftware\kryo\kryo\2.24.0\kryo-2.24.0.jar;D:\Program Files\apache-maven-3.2.1\mvnlocal\com\esotericsoftware\minlog\minlog\1.2\minlog-1.2.jar;D:\Program Files\apache-maven-3.2.1\mvnlocal\commons-collections\commons-collections\3.2.2\commons-collections-3.2.2.jar;D:\Program Files\apache-maven-3.2.1\mvnlocal\org\apache\commons\commons-compress\1.4.1\commons-compress-1.4.1.jar;D:\Program Files\apache-maven-3.2.1\mvnlocal\org\tukaani\xz\1.0\xz-1.0.jar;D:\Program Files\apache-maven-3.2.1\mvnlocal\org\apache\avro\avro\1.7.7\avro-1.7.7.jar;D:\Program Files\apache-maven-3.2.1\mvnlocal\org\codehaus\jackson\jackson-core-asl\1.9.13\jackson-core-asl-1.9.13.jar;D:\Program Files\apache-maven-3.2.1\mvnlocal\org\codehaus\jackson\jackson-mapper-asl\1.9.13\jackson-mapper-asl-1.9.13.jar;D:\Program Files\apache-maven-3.2.1\mvnlocal\com\thoughtworks\paranamer\paranamer\2.3\paranamer-2.3.jar;D:\Program Files\apache-maven-3.2.1\mvnlocal\org\apache\flink\flink-java\1.3.0.1\flink-java-1.3.0.1.jar;D:\Program Files\apache-maven-3.2.1\mvnlocal\org\apache\flink\flink-shaded-hadoop2\1.3.0.1\flink-shaded-hadoop2-1.3.0.1.jar;D:\Program Files\apache-maven-3.2.1\mvnlocal\commons-cli\commons-cli\1.3.1\commons-cli-1.3.1.jar;D:\Program Files\apache-maven-3.2.1\mvnlocal\xmlenc\xmlenc\0.52\xmlenc-0.52.jar;D:\Program Files\apache-maven-3.2.1\mvnlocal\commons-io\commons-io\2.4\commons-io-2.4.jar;D:\Program Files\apache-maven-3.2.1\mvnlocal\commons-net\commons-net\3.1\commons-net-3.1.jar;D:\Program Files\apache-maven-3.2.1\mvnlocal\org\mortbay\jetty\jetty-util\6.1.26\jetty-util-6.1.26.jar;D:\Program Files\apache-maven-3.2.1\mvnlocal\com\sun\jersey\jersey-core\1.9\jersey-core-1.9.jar;D:\Program Files\apache-maven-3.2.1\mvnlocal\commons-el\commons-el\1.0\commons-el-1.0.jar;D:\Program Files\apache-maven-3.2.1\mvnlocal\com\jamesmurty\utils\java-xmlbuilder\0.4\java-xmlbuilder-0.4.jar;D:\Program Files\apache-maven-3.2.1\mvnlocal\commons-lang\commons-lang\2.6\commons-lang-2.6.jar;D:\Program Files\apache-maven-3.2.1\mvnlocal\commons-configuration\commons-configuration\1.7\commons-configuration-1.7.jar;D:\Program Files\apache-maven-3.2.1\mvnlocal\commons-digester\commons-digester\1.8.1\commons-digester-1.8.1.jar;D:\Program Files\apache-maven-3.2.1\mvnlocal\com\jcraft\jsch\0.1.42\jsch-0.1.42.jar;D:\Program Files\apache-maven-3.2.1\mvnlocal\commons-beanutils\commons-beanutils-bean-collections\1.8.3\commons-beanutils-bean-collections-1.8.3.jar;D:\Program Files\apache-maven-3.2.1\mvnlocal\commons-daemon\commons-daemon\1.0.13\commons-daemon-1.0.13.jar;D:\Program Files\apache-maven-3.2.1\mvnlocal\com\sun\jersey\jersey-client\1.9\jersey-client-1.9.jar;D:\Program Files\apache-maven-3.2.1\mvnlocal\javax\xml\bind\jaxb-api\2.2.2\jaxb-api-2.2.2.jar;D:\Program Files\apache-maven-3.2.1\mvnlocal\javax\xml\stream\stax-api\1.0-2\stax-api-1.0-2.jar;D:\Program Files\apache-maven-3.2.1\mvnlocal\javax\activation\activation\1.1\activation-1.1.jar;D:\Program Files\apache-maven-3.2.1\mvnlocal\org\apache\commons\commons-math3\3.5\commons-math3-3.5.jar;D:\Program Files\apache-maven-3.2.1\mvnlocal\org\scala-lang\scala-reflect\2.11.7\scala-reflect-2.11.7.jar;D:\Program Files\apache-maven-3.2.1\mvnlocal\org\scala-lang\scala-library\2.11.7\scala-library-2.11.7.jar;D:\Program Files\apache-maven-3.2.1\mvnlocal\org\scala-lang\scala-compiler\2.11.7\scala-compiler-2.11.7.jar;D:\Program Files\apache-maven-3.2.1\mvnlocal\org\scala-lang\modules\scala-xml_2.11\1.0.4\scala-xml_2.11-1.0.4.jar;D:\Program Files\apache-maven-3.2.1\mvnlocal\org\scala-lang\modules\scala-parser-combinators_2.11\1.0.4\scala-parser-combinators_2.11-1.0.4.jar;D:\Program Files\apache-maven-3.2.1\mvnlocal\org\slf4j\slf4j-api\1.7.7\slf4j-api-1.7.7.jar;D:\Program Files\apache-maven-3.2.1\mvnlocal\com\google\code\findbugs\jsr305\1.3.9\jsr305-1.3.9.jar;D:\Program Files\apache-maven-3.2.1\mvnlocal\org\apache\flink\force-shading\1.3.0.1\force-shading-1.3.0.1.jar;D:\Program Files\apache-maven-3.2.1\mvnlocal\org\apache\flink\flink-streaming-scala_2.11\1.3.0.1\flink-streaming-scala_2.11-1.3.0.1.jar;D:\Program Files\apache-maven-3.2.1\mvnlocal\org\apache\flink\flink-streaming-java_2.11\1.3.0.1\flink-streaming-java_2.11-1.3.0.1.jar;D:\Program Files\apache-maven-3.2.1\mvnlocal\org\apache\flink\flink-runtime_2.11\1.3.0.1\flink-runtime_2.11-1.3.0.1.jar;D:\Program Files\apache-maven-3.2.1\mvnlocal\io\netty\netty-all\4.0.27.Final\netty-all-4.0.27.Final.jar;D:\Program Files\apache-maven-3.2.1\mvnlocal\org\javassist\javassist\3.18.2-GA\javassist-3.18.2-GA.jar;D:\Program Files\apache-maven-3.2.1\mvnlocal\com\data-artisans\flakka-actor_2.11\2.3-custom\flakka-actor_2.11-2.3-custom.jar;D:\Program Files\apache-maven-3.2.1\mvnlocal\com\typesafe\config\1.2.1\config-1.2.1.jar;D:\Program Files\apache-maven-3.2.1\mvnlocal\com\data-artisans\flakka-remote_2.11\2.3-custom\flakka-remote_2.11-2.3-custom.jar;D:\Program Files\apache-maven-3.2.1\mvnlocal\com\google\protobuf\protobuf-java\2.5.0\protobuf-java-2.5.0.jar;D:\Program Files\apache-maven-3.2.1\mvnlocal\org\uncommons\maths\uncommons-maths\1.2.2a\uncommons-maths-1.2.2a.jar;D:\Program Files\apache-maven-3.2.1\mvnlocal\com\data-artisans\flakka-slf4j_2.11\2.3-custom\flakka-slf4j_2.11-2.3-custom.jar;D:\Program Files\apache-maven-3.2.1\mvnlocal\org\clapper\grizzled-slf4j_2.11\1.0.2\grizzled-slf4j_2.11-1.0.2.jar;D:\Program Files\apache-maven-3.2.1\mvnlocal\com\github\scopt\scopt_2.11\3.5.0\scopt_2.11-3.5.0.jar;D:\Program Files\apache-maven-3.2.1\mvnlocal\com\fasterxml\jackson\core\jackson-core\2.7.4\jackson-core-2.7.4.jar;D:\Program Files\apache-maven-3.2.1\mvnlocal\com\twitter\chill_2.11\0.7.4\chill_2.11-0.7.4.jar;D:\Program Files\apache-maven-3.2.1\mvnlocal\org\apache\flink\flink-clients_2.11\1.3.0.1\flink-clients_2.11-1.3.0.1.jar;D:\Program Files\apache-maven-3.2.1\mvnlocal\org\apache\flink\flink-optimizer_2.11\1.3.0.1\flink-optimizer_2.11-1.3.0.1.jar;D:\Program Files\apache-maven-3.2.1\mvnlocal\org\apache\sling\org.apache.sling.commons.json\2.0.6\org.apache.sling.commons.json-2.0.6.jar;D:\Program Files\apache-maven-3.2.1\mvnlocal\org\apache\flink\flink-table_2.11\1.3.0.1\flink-table_2.11-1.3.0.1.jar;D:\Program Files\apache-maven-3.2.1\mvnlocal\org\apache\flink\flink-shaded-jackson\2.7.9-2.0\flink-shaded-jackson-2.7.9-2.0.jar;D:\Program Files\apache-maven-3.2.1\mvnlocal\org\apache\flink\flink-connector-kafka-0.8_2.11\1.3.0.1\flink-connector-kafka-0.8_2.11-1.3.0.1.jar;D:\Program Files\apache-maven-3.2.1\mvnlocal\org\apache\flink\flink-connector-kafka-base_2.11\1.3.0.1\flink-connector-kafka-base_2.11-1.3.0.1.jar;D:\Program Files\apache-maven-3.2.1\mvnlocal\org\apache\kafka\kafka_2.11\0.8.2.2\kafka_2.11-0.8.2.2.jar;D:\Program Files\apache-maven-3.2.1\mvnlocal\com\yammer\metrics\metrics-core\2.2.0\metrics-core-2.2.0.jar;D:\Program Files\apache-maven-3.2.1\mvnlocal\com\101tec\zkclient\0.3\zkclient-0.3.jar;D:\Program Files\apache-maven-3.2.1\mvnlocal\org\apache\kafka\kafka-clients\0.8.2.2\kafka-clients-0.8.2.2.jar;D:\Program Files\apache-maven-3.2.1\mvnlocal\net\jpountz\lz4\lz4\1.2.0\lz4-1.2.0.jar;D:\Program Files\apache-maven-3.2.1\mvnlocal\org\apache\zookeeper\zookeeper\3.4.6\zookeeper-3.4.6.jar;D:\Program Files\apache-maven-3.2.1\mvnlocal\org\slf4j\slf4j-log4j12\1.6.1\slf4j-log4j12-1.6.1.jar;D:\Program Files\apache-maven-3.2.1\mvnlocal\jline\jline\0.9.94\jline-0.9.94.jar;D:\Program Files\apache-maven-3.2.1\mvnlocal\io\netty\netty\3.7.0.Final\netty-3.7.0.Final.jar;D:\Program Files\apache-maven-3.2.1\mvnlocal\org\apache\storm\storm-core\1.0.1\storm-core-1.0.1.jar;D:\Program Files\apache-maven-3.2.1\mvnlocal\com\esotericsoftware\kryo\3.0.3\kryo-3.0.3.jar;D:\Program Files\apache-maven-3.2.1\mvnlocal\com\esotericsoftware\reflectasm\1.10.1\reflectasm-1.10.1.jar;D:\Program Files\apache-maven-3.2.1\mvnlocal\org\ow2\asm\asm\5.0.3\asm-5.0.3.jar;D:\Program Files\apache-maven-3.2.1\mvnlocal\com\esotericsoftware\minlog\1.3.0\minlog-1.3.0.jar;D:\Program Files\apache-maven-3.2.1\mvnlocal\org\objenesis\objenesis\2.1\objenesis-2.1.jar;D:\Program Files\apache-maven-3.2.1\mvnlocal\org\clojure\clojure\1.7.0\clojure-1.7.0.jar;D:\Program Files\apache-maven-3.2.1\mvnlocal\com\lmax\disruptor\3.3.2\disruptor-3.3.2.jar;D:\Program Files\apache-maven-3.2.1\mvnlocal\org\apache\logging\log4j\log4j-api\2.1\log4j-api-2.1.jar;D:\Program Files\apache-maven-3.2.1\mvnlocal\org\apache\logging\log4j\log4j-core\2.1\log4j-core-2.1.jar;D:\Program Files\apache-maven-3.2.1\mvnlocal\org\apache\logging\log4j\log4j-slf4j-impl\2.1\log4j-slf4j-impl-2.1.jar;D:\Program Files\apache-maven-3.2.1\mvnlocal\org\slf4j\log4j-over-slf4j\1.6.6\log4j-over-slf4j-1.6.6.jar;D:\Program Files\apache-maven-3.2.1\mvnlocal\javax\servlet\servlet-api\2.5\servlet-api-2.5.jar;D:\Program Files\apache-maven-3.2.1\mvnlocal\org\elasticsearch\client\rest\5.4.2\rest-5.4.2.jar;D:\Program Files\apache-maven-3.2.1\mvnlocal\org\apache\httpcomponents\httpclient\4.5.2\httpclient-4.5.2.jar;D:\Program Files\apache-maven-3.2.1\mvnlocal\org\apache\httpcomponents\httpcore\4.4.5\httpcore-4.4.5.jar;D:\Program Files\apache-maven-3.2.1\mvnlocal\org\apache\httpcomponents\httpasyncclient\4.1.2\httpasyncclient-4.1.2.jar;D:\Program Files\apache-maven-3.2.1\mvnlocal\org\apache\httpcomponents\httpcore-nio\4.4.5\httpcore-nio-4.4.5.jar;D:\Program Files\apache-maven-3.2.1\mvnlocal\commons-codec\commons-codec\1.10\commons-codec-1.10.jar;D:\Program Files\apache-maven-3.2.1\mvnlocal\commons-logging\commons-logging\1.1.3\commons-logging-1.1.3.jar;D:\Program Files\apache-maven-3.2.1\mvnlocal\org\elasticsearch\elasticsearch-spark-20_2.11\5.4.2\elasticsearch-spark-20_2.11-5.4.2.jar;D:\Program Files\apache-maven-3.2.1\mvnlocal\org\apache\spark\spark-sql_2.11\2.1.0\spark-sql_2.11-2.1.0.jar;D:\Program Files\apache-maven-3.2.1\mvnlocal\com\univocity\univocity-parsers\2.2.1\univocity-parsers-2.2.1.jar;D:\Program Files\apache-maven-3.2.1\mvnlocal\org\apache\spark\spark-sketch_2.11\2.1.0\spark-sketch_2.11-2.1.0.jar;D:\Program Files\apache-maven-3.2.1\mvnlocal\org\apache\spark\spark-core_2.11\2.1.0\spark-core_2.11-2.1.0.jar;D:\Program Files\apache-maven-3.2.1\mvnlocal\org\apache\avro\avro-mapred\1.7.7\avro-mapred-1.7.7-hadoop2.jar;D:\Program Files\apache-maven-3.2.1\mvnlocal\org\apache\avro\avro-ipc\1.7.7\avro-ipc-1.7.7.jar;D:\Program Files\apache-maven-3.2.1\mvnlocal\org\apache\avro\avro-ipc\1.7.7\avro-ipc-1.7.7-tests.jar;D:\Program Files\apache-maven-3.2.1\mvnlocal\com\twitter\chill-java\0.8.0\chill-java-0.8.0.jar;D:\Program Files\apache-maven-3.2.1\mvnlocal\com\esotericsoftware\kryo-shaded\3.0.3\kryo-shaded-3.0.3.jar;D:\Program Files\apache-maven-3.2.1\mvnlocal\org\apache\xbean\xbean-asm5-shaded\4.4\xbean-asm5-shaded-4.4.jar;D:\Program Files\apache-maven-3.2.1\mvnlocal\org\apache\spark\spark-launcher_2.11\2.1.0\spark-launcher_2.11-2.1.0.jar;D:\Program Files\apache-maven-3.2.1\mvnlocal\org\apache\spark\spark-network-common_2.11\2.1.0\spark-network-common_2.11-2.1.0.jar;D:\Program Files\apache-maven-3.2.1\mvnlocal\org\fusesource\leveldbjni\leveldbjni-all\1.8\leveldbjni-all-1.8.jar;D:\Program Files\apache-maven-3.2.1\mvnlocal\org\apache\spark\spark-network-shuffle_2.11\2.1.0\spark-network-shuffle_2.11-2.1.0.jar;D:\Program Files\apache-maven-3.2.1\mvnlocal\org\apache\spark\spark-unsafe_2.11\2.1.0\spark-unsafe_2.11-2.1.0.jar;D:\Program Files\apache-maven-3.2.1\mvnlocal\net\java\dev\jets3t\jets3t\0.7.1\jets3t-0.7.1.jar;D:\Program Files\apache-maven-3.2.1\mvnlocal\commons-httpclient\commons-httpclient\3.1\commons-httpclient-3.1.jar;D:\Program Files\apache-maven-3.2.1\mvnlocal\org\apache\curator\curator-recipes\2.4.0\curator-recipes-2.4.0.jar;D:\Program Files\apache-maven-3.2.1\mvnlocal\org\apache\curator\curator-framework\2.4.0\curator-framework-2.4.0.jar;D:\Program Files\apache-maven-3.2.1\mvnlocal\org\apache\curator\curator-client\2.4.0\curator-client-2.4.0.jar;D:\Program Files\apache-maven-3.2.1\mvnlocal\com\google\guava\guava\14.0.1\guava-14.0.1.jar;D:\Program Files\apache-maven-3.2.1\mvnlocal\javax\servlet\javax.servlet-api\3.1.0\javax.servlet-api-3.1.0.jar;D:\Program Files\apache-maven-3.2.1\mvnlocal\org\slf4j\jul-to-slf4j\1.7.16\jul-to-slf4j-1.7.16.jar;D:\Program Files\apache-maven-3.2.1\mvnlocal\org\slf4j\jcl-over-slf4j\1.7.16\jcl-over-slf4j-1.7.16.jar;D:\Program Files\apache-maven-3.2.1\mvnlocal\log4j\log4j\1.2.17\log4j-1.2.17.jar;D:\Program Files\apache-maven-3.2.1\mvnlocal\com\ning\compress-lzf\1.0.3\compress-lzf-1.0.3.jar;D:\Program Files\apache-maven-3.2.1\mvnlocal\org\xerial\snappy\snappy-java\1.1.2.6\snappy-java-1.1.2.6.jar;D:\Program Files\apache-maven-3.2.1\mvnlocal\org\roaringbitmap\RoaringBitmap\0.5.11\RoaringBitmap-0.5.11.jar;D:\Program Files\apache-maven-3.2.1\mvnlocal\org\json4s\json4s-jackson_2.11\3.2.11\json4s-jackson_2.11-3.2.11.jar;D:\Program Files\apache-maven-3.2.1\mvnlocal\org\json4s\json4s-core_2.11\3.2.11\json4s-core_2.11-3.2.11.jar;D:\Program Files\apache-maven-3.2.1\mvnlocal\org\json4s\json4s-ast_2.11\3.2.11\json4s-ast_2.11-3.2.11.jar;D:\Program Files\apache-maven-3.2.1\mvnlocal\org\scala-lang\scalap\2.11.0\scalap-2.11.0.jar;D:\Program Files\apache-maven-3.2.1\mvnlocal\org\glassfish\jersey\core\jersey-client\2.22.2\jersey-client-2.22.2.jar;D:\Program Files\apache-maven-3.2.1\mvnlocal\javax\ws\rs\javax.ws.rs-api\2.0.1\javax.ws.rs-api-2.0.1.jar;D:\Program Files\apache-maven-3.2.1\mvnlocal\org\glassfish\hk2\hk2-api\2.4.0-b34\hk2-api-2.4.0-b34.jar;D:\Program Files\apache-maven-3.2.1\mvnlocal\org\glassfish\hk2\hk2-utils\2.4.0-b34\hk2-utils-2.4.0-b34.jar;D:\Program Files\apache-maven-3.2.1\mvnlocal\org\glassfish\hk2\external\aopalliance-repackaged\2.4.0-b34\aopalliance-repackaged-2.4.0-b34.jar;D:\Program Files\apache-maven-3.2.1\mvnlocal\org\glassfish\hk2\external\javax.inject\2.4.0-b34\javax.inject-2.4.0-b34.jar;D:\Program Files\apache-maven-3.2.1\mvnlocal\org\glassfish\hk2\hk2-locator\2.4.0-b34\hk2-locator-2.4.0-b34.jar;D:\Program Files\apache-maven-3.2.1\mvnlocal\org\glassfish\jersey\core\jersey-common\2.22.2\jersey-common-2.22.2.jar;D:\Program Files\apache-maven-3.2.1\mvnlocal\javax\annotation\javax.annotation-api\1.2\javax.annotation-api-1.2.jar;D:\Program Files\apache-maven-3.2.1\mvnlocal\org\glassfish\jersey\bundles\repackaged\jersey-guava\2.22.2\jersey-guava-2.22.2.jar;D:\Program Files\apache-maven-3.2.1\mvnlocal\org\glassfish\hk2\osgi-resource-locator\1.0.1\osgi-resource-locator-1.0.1.jar;D:\Program Files\apache-maven-3.2.1\mvnlocal\org\glassfish\jersey\core\jersey-server\2.22.2\jersey-server-2.22.2.jar;D:\Program Files\apache-maven-3.2.1\mvnlocal\org\glassfish\jersey\media\jersey-media-jaxb\2.22.2\jersey-media-jaxb-2.22.2.jar;D:\Program Files\apache-maven-3.2.1\mvnlocal\javax\validation\validation-api\1.1.0.Final\validation-api-1.1.0.Final.jar;D:\Program Files\apache-maven-3.2.1\mvnlocal\org\glassfish\jersey\containers\jersey-container-servlet\2.22.2\jersey-container-servlet-2.22.2.jar;D:\Program Files\apache-maven-3.2.1\mvnlocal\org\glassfish\jersey\containers\jersey-container-servlet-core\2.22.2\jersey-container-servlet-core-2.22.2.jar;D:\Program Files\apache-maven-3.2.1\mvnlocal\com\clearspring\analytics\stream\2.7.0\stream-2.7.0.jar;D:\Program Files\apache-maven-3.2.1\mvnlocal\io\dropwizard\metrics\metrics-core\3.1.2\metrics-core-3.1.2.jar;D:\Program Files\apache-maven-3.2.1\mvnlocal\io\dropwizard\metrics\metrics-jvm\3.1.2\metrics-jvm-3.1.2.jar;D:\Program Files\apache-maven-3.2.1\mvnlocal\io\dropwizard\metrics\metrics-json\3.1.2\metrics-json-3.1.2.jar;D:\Program Files\apache-maven-3.2.1\mvnlocal\io\dropwizard\metrics\metrics-graphite\3.1.2\metrics-graphite-3.1.2.jar;D:\Program Files\apache-maven-3.2.1\mvnlocal\com\fasterxml\jackson\module\jackson-module-scala_2.11\2.6.5\jackson-module-scala_2.11-2.6.5.jar;D:\Program Files\apache-maven-3.2.1\mvnlocal\com\fasterxml\jackson\module\jackson-module-paranamer\2.6.5\jackson-module-paranamer-2.6.5.jar;D:\Program Files\apache-maven-3.2.1\mvnlocal\org\apache\ivy\ivy\2.4.0\ivy-2.4.0.jar;D:\Program Files\apache-maven-3.2.1\mvnlocal\oro\oro\2.0.8\oro-2.0.8.jar;D:\Program Files\apache-maven-3.2.1\mvnlocal\net\razorvine\pyrolite\4.13\pyrolite-4.13.jar;D:\Program Files\apache-maven-3.2.1\mvnlocal\net\sf\py4j\py4j\0.10.4\py4j-0.10.4.jar;D:\Program Files\apache-maven-3.2.1\mvnlocal\org\apache\commons\commons-crypto\1.0.0\commons-crypto-1.0.0.jar;D:\Program Files\apache-maven-3.2.1\mvnlocal\org\apache\spark\spark-catalyst_2.11\2.1.0\spark-catalyst_2.11-2.1.0.jar;D:\Program Files\apache-maven-3.2.1\mvnlocal\org\codehaus\janino\janino\3.0.0\janino-3.0.0.jar;D:\Program Files\apache-maven-3.2.1\mvnlocal\org\codehaus\janino\commons-compiler\3.0.0\commons-compiler-3.0.0.jar;D:\Program Files\apache-maven-3.2.1\mvnlocal\org\antlr\antlr4-runtime\4.5.3\antlr4-runtime-4.5.3.jar;D:\Program Files\apache-maven-3.2.1\mvnlocal\org\apache\spark\spark-tags_2.11\2.1.0\spark-tags_2.11-2.1.0.jar;D:\Program Files\apache-maven-3.2.1\mvnlocal\org\scalatest\scalatest_2.11\2.2.6\scalatest_2.11-2.2.6.jar;D:\Program Files\apache-maven-3.2.1\mvnlocal\org\apache\parquet\parquet-column\1.8.1\parquet-column-1.8.1.jar;D:\Program Files\apache-maven-3.2.1\mvnlocal\org\apache\parquet\parquet-common\1.8.1\parquet-common-1.8.1.jar;D:\Program Files\apache-maven-3.2.1\mvnlocal\org\apache\parquet\parquet-encoding\1.8.1\parquet-encoding-1.8.1.jar;D:\Program Files\apache-maven-3.2.1\mvnlocal\org\apache\parquet\parquet-hadoop\1.8.1\parquet-hadoop-1.8.1.jar;D:\Program Files\apache-maven-3.2.1\mvnlocal\org\apache\parquet\parquet-format\2.3.0-incubating\parquet-format-2.3.0-incubating.jar;D:\Program Files\apache-maven-3.2.1\mvnlocal\org\apache\parquet\parquet-jackson\1.8.1\parquet-jackson-1.8.1.jar;D:\Program Files\apache-maven-3.2.1\mvnlocal\com\fasterxml\jackson\core\jackson-databind\2.6.5\jackson-databind-2.6.5.jar;D:\Program Files\apache-maven-3.2.1\mvnlocal\com\fasterxml\jackson\core\jackson-annotations\2.6.0\jackson-annotations-2.6.0.jar;D:\Program Files\apache-maven-3.2.1\mvnlocal\org\spark-project\spark\unused\1.0.0\unused-1.0.0.jar;D:\Program Files\apache-maven-3.2.1\mvnlocal\org\apache\spark\spark-streaming_2.11\2.1.0\spark-streaming_2.11-2.1.0.jar;"/>
    <property name="sun.cpu.endian" value="little"/>
    <property name="user.home" value="C:\Users\18051171"/>
    <property name="user.language" value="zh"/>
    <property name="java.specification.vendor" value="Oracle Corporation"/>
    <property name="java.home" value="C:\Program Files\Java\jdk1.8.0_162\jre"/>
    <property name="basedir" value="E:\MyProJect\Flink"/>
    <property name="file.separator" value="\"/>
    <property name="line.separator" value="&#10;"/>
    <property name="java.vm.specification.vendor" value="Oracle Corporation"/>
    <property name="java.specification.name" value="Java Platform API Specification"/>
    <property name="java.awt.graphicsenv" value="sun.awt.Win32GraphicsEnvironment"/>
    <property name="surefire.real.class.path" value="C:\Users\18051171\AppData\Local\Temp\surefire8054882486985488262\surefirebooter574311714557566078.jar"/>
    <property name="sun.boot.class.path" value="C:\Program Files\Java\jdk1.8.0_162\jre\lib\resources.jar;C:\Program Files\Java\jdk1.8.0_162\jre\lib\rt.jar;C:\Program Files\Java\jdk1.8.0_162\jre\lib\sunrsasign.jar;C:\Program Files\Java\jdk1.8.0_162\jre\lib\jsse.jar;C:\Program Files\Java\jdk1.8.0_162\jre\lib\jce.jar;C:\Program Files\Java\jdk1.8.0_162\jre\lib\charsets.jar;C:\Program Files\Java\jdk1.8.0_162\jre\lib\jfr.jar;C:\Program Files\Java\jdk1.8.0_162\jre\classes"/>
    <property name="user.script" value=""/>
    <property name="sun.management.compiler" value="HotSpot 64-Bit Tiered Compilers"/>
    <property name="java.runtime.version" value="1.8.0_162-b12"/>
    <property name="user.name" value="18051171"/>
    <property name="path.separator" value=";"/>
    <property name="os.version" value="6.1"/>
    <property name="java.endorsed.dirs" value="C:\Program Files\Java\jdk1.8.0_162\jre\lib\endorsed"/>
    <property name="java.runtime.name" value="Java(TM) SE Runtime Environment"/>
    <property name="file.encoding" value="GBK"/>
    <property name="java.vm.name" value="Java HotSpot(TM) 64-Bit Server VM"/>
    <property name="localRepository" value="D:\Program Files\apache-maven-3.2.1\mvnlocal"/>
    <property name="java.vendor.url.bug" value="http://bugreport.sun.com/bugreport/"/>
    <property name="java.io.tmpdir" value="C:\Users\18051171\AppData\Local\Temp\"/>
    <property name="idea.version" value="2017.2.3"/>
    <property name="java.version" value="1.8.0_162"/>
    <property name="user.dir" value="E:\MyProJect\Flink"/>
    <property name="os.arch" value="amd64"/>
    <property name="java.vm.specification.name" value="Java Virtual Machine Specification"/>
    <property name="java.awt.printerjob" value="sun.awt.windows.WPrinterJob"/>
    <property name="sun.os.patch.level" value="Service Pack 1"/>
    <property name="java.library.path" value="C:\Program Files\Java\jdk1.8.0_162\jre\bin;C:\Windows\Sun\Java\bin;C:\Windows\system32;C:\Windows;D:\Program Files\apache-maven-3.2.1\bin;C:\Program Files\Java\jdk1.8.0_162\bin;C:\Windows\system32;C:\Windows;C:\Windows\System32\Wbem;C:\Windows\System32\WindowsPowerShell\v1.0\;C:\Program Files (x86)\富基旋风科技\appSys01;C:\Pr;gram Files (x86)\富基旋风科技\appSys02;D:\Pr;gram Files\TortoiseSVN\bin;C:\Program Files\IDM Computer Solutions\UltraEdit;C:\Program Files\Git\cmd;."/>
    <property name="java.vm.info" value="mixed mode"/>
    <property name="java.vendor" value="Oracle Corporation"/>
    <property name="java.vm.version" value="25.162-b12"/>
    <property name="java.ext.dirs" value="C:\Program Files\Java\jdk1.8.0_162\jre\lib\ext;C:\Windows\Sun\Java\lib\ext"/>
    <property name="sun.io.unicode.encoding" value="UnicodeLittle"/>
    <property name="java.class.version" value="52.0"/>
  </properties>
  <testcase name="shouldAnswerWithTrue" classname="com.sn.my.AppTest" time="0.003"/>
</testsuite>